[bluzelle.com/index.html]
[backblue.gif]
[fade.gif]
[index.html]
[uploads-ssl.webflow.com/6432e97a545aff0f84ed68ad/css/bluzelle.webflow.6202fdbd9.css]
[ajax.googleapis.com/ajax/libs/webfont/1.6.26/webfont.js]
[uploads-ssl.webflow.com/6432e97a545aff0f84ed68ad/647fb9732845f8e42b2b270d_fav.jpg]
[uploads-ssl.webflow.com/6432e97a545aff0f84ed68ad/647fb9703b323d51d84a41e2_webfclip.jpg]
[bluzelle.com/about-us.html]
[bluzelle.com/storage.html]
[bluzelle.com/token.html]
[uploads-ssl.webflow.com/6432e97a545aff0f84ed68ad/6477e4a05e6a432b96d2020a_nanc.png]
[uploads-ssl.webflow.com/6432e97a545aff0f84ed68ad/6477e4a851f80b0cd8dc71ad_base.png]
[uploads-ssl.webflow.com/6432e97a545aff0f84ed68ad/6477e4b0d4a7dba0fe3ca6cd_aken.png]
[uploads-ssl.webflow.com/6432e97a545aff0f84ed68ad/6477e4dae6ce7d4683f275c7_ku.png]
[d3e54v103j8qbb.cloudfront.net/js/jquery-3.5.1.min.dc5e7f18c8f901.js]
[uploads-ssl.webflow.com/6432e97a545aff0f84ed68ad/js/webflow.de58ce834.js]
[cdnjs.cloudflare.com/ajax/libs/gsap/3.5.0/gsap.min.js]
[bluzelle.com/index.html]
[cdnjs.cloudflare.com/ajax/libs/gsap/3.5.0/ScrollTrigger.js]
[uploads-ssl.webflow.com/6432e97a545aff0f84ed68ad/64447c952491e73a756819af_untitled2 1.png]
[uploads-ssl.webflow.com/6432e97a545aff0f84ed68ad/64544b9a051ef3ccc4489676_Screenshot 2023-05-04 at 5.18.58 PM.png]
[uploads-ssl.webflow.com/6432e97a545aff0f84ed68ad/css/bluzelle.webflow.6202fdbd9.css]
[bluzelle.com/about-us.html]
[bluzelle.com/storage.html]
[uploads-ssl.webflow.com/6432e97a545aff0f84ed68ad/644de81156852b24c19177ec_binance.png]
[uploads-ssl.webflow.com/6432e97a545aff0f84ed68ad/644de8177cd2c3be5443580e_huobi.png]
[uploads-ssl.webflow.com/6432e97a545aff0f84ed68ad/644de81f6aae4258fab4ad24_uniswap.png]
[bluzelle.com/token.html]
[bluzelle.com/_https_/uploads-ssl.webflow.com/6432e97a545aff0f84ed68ad/646ac561dfe23930835897a6_videoplayback-poster-00001.jpg_]
